<?xml version="1.0" encoding="UTF-8"?>
<testsuites name="More suites" time="0.398" tests="2" failures="0" errors="0">
  <testsuite name="Suite 4" tests="2" time="0.397" failures="0" errors="0">
    <testsuite name="Nested suite 4.1" tests="2" time="0.397" failures="0" errors="0">
      <testcase name="Case 4.1.1" time="0.192"></testcase>
      <testcase name="Case 4.1.2" time="0.204"></testcase>
    </testsuite>
  </testsuite>
</testsuites>
