<?xml version="1.0" encoding="UTF-8"?>
<testsuites name="Tests" time="1.2345" tests="10" failures="2">
</testsuites>
