<?xml version="1.0" encoding="UTF-8"?>
<testsuites name="Suites">
  <testsuite name="Suite 0" tests="0" failures="0" errors="0" skipped="0" time="0.000">
  </testsuite>
  <testsuite name="Suite 1" tests="2" failures="0" errors="0" skipped="0" time="0.502">
    <testcase name="Case 1.1" time="0.284"></testcase>
    <testcase name="Case 1.2" time="0.217"></testcase>
  </testsuite>
  <testsuite name="Suite 2" tests="5" failures="2" errors="1" skipped="1" time="1.297">
    <testcase name="Case 2.1" time="0.285"></testcase>
    <testcase name="Case 2.2" time="0.271"></testcase>
    <testcase name="Case 2.3" time="0.224"></testcase>
    <testcase name="Case 2.4" time="0.297"></testcase>
    <testcase name="Case 2.5" time="0.219"></testcase>
  </testsuite>
  <testsuite name="Suite 3" tests="3" failures="1" errors="0" skipped="0" time="0.763">
    <testcase name="Case 3.1" time="0.264"></testcase>
    <testcase name="Case 3.2" time="0.261"></testcase>
    <testcase name="Case 3.3" time="0.237"></testcase>
  </testsuite>
</testsuites>
